<?xml version="1.0" encoding="UTF-8"?>
<!-- Generated by org.testng.reporters.JUnitReportReporter -->
<testsuite hostname="DESKTOP-U066TTN" failures="0" tests="1" name="tests.TestCase1" time="102.240" errors="0" timestamp="2022-07-19T15:05:34 IST" skipped="0">
  <testcase classname="tests.TestCase1" name="verifyWorldwideDropdownCounties" time="102.240"/>
  <system-out/>
</testsuite> <!-- tests.TestCase1 -->
