<?xml version="1.0" encoding="UTF-8"?>
<!-- Generated by org.testng.reporters.JUnitReportReporter -->
<testsuite hostname="Harshadas-MBP" failures="0" tests="3" name="tests.TestCase" time="153.459" errors="0" timestamp="2022-07-20T20:11:42 CEST" skipped="0">
  <testcase classname="tests.TestCase" name="verifyServicesAutomationLink" time="19.794"/>
  <system-out/>
  <testcase classname="tests.TestCase" name="verifyContactUs" time="25.166"/>
  <system-out/>
  <testcase classname="tests.TestCase" name="verifyWorldwideDropdownCounties" time="108.499"/>
  <system-out/>
</testsuite> <!-- tests.TestCase -->
