<?xml version="1.0" encoding="UTF-8"?>
<!-- Generated by org.testng.reporters.JUnitReportReporter -->
<testsuite hostname="Harshadas-MBP" failures="0" tests="3" name="tests.paramApiTest" time="3.385" errors="0" timestamp="2022-07-20T14:27:21 CEST" skipped="0">
  <testcase classname="tests.paramApiTest" name="postExample" time="0.256"/>
  <system-out/>
  <testcase classname="tests.paramApiTest" name="postExample" time="2.885"/>
  <system-out/>
  <testcase classname="tests.paramApiTest" name="postExample" time="0.244"/>
  <system-out/>
</testsuite> <!-- tests.paramApiTest -->
