<?xml version="1.0" encoding="UTF-8"?>
<!-- Generated by org.testng.reporters.JUnitReportReporter -->
<testsuite hostname="Harshadas-MBP" failures="0" tests="3" name="tests.TestCase" time="160.136" errors="0" timestamp="2022-07-21T08:42:33 CEST" skipped="0">
  <testcase classname="tests.TestCase" name="verifyServicesAutomationLink" time="47.361"/>
  <system-out/>
  <testcase classname="tests.TestCase" name="verifyContactUs" time="33.493"/>
  <system-out/>
  <testcase classname="tests.TestCase" name="verifyWorldwideDropdownCounties" time="79.282"/>
  <system-out/>
</testsuite> <!-- tests.TestCase -->
