<?xml version="1.0" encoding="UTF-8"?>
<!-- Generated by org.testng.reporters.JUnitReportReporter -->
<testsuite hostname="Harshadas-MBP" failures="0" tests="4" name="GetAPI" time="4.412" errors="0" timestamp="20 Jul 2022 18:12:29 GMT" skipped="0">
  <testcase classname="GetAPI" name="APITest1" time="3.460"/>
  <testcase classname="GetAPI" name="APITest2" time="0.266"/>
  <testcase classname="GetAPI" name="APITest2" time="0.431"/>
  <testcase classname="GetAPI" name="APITest2" time="0.255"/>
</testsuite> <!-- GetAPI -->
