<?xml version="1.0" encoding="UTF-8"?>
<!-- Generated by org.testng.reporters.JUnitReportReporter -->
<testsuite hostname="DESKTOP-U066TTN" failures="0" tests="2" name="tests.LoginTest" time="59.185" errors="0" timestamp="2022-07-18T00:00:08 IST" skipped="0">
  <testcase classname="tests.LoginTest" name="verifyValidLogin" time="48.594"/>
  <system-out/>
  <testcase classname="tests.LoginTest" name="verifyInValidLogin" time="10.591"/>
  <system-out/>
</testsuite> <!-- tests.LoginTest -->
