<?xml version="1.0" encoding="UTF-8"?>
<!-- Generated by org.testng.reporters.JUnitReportReporter -->
<testsuite hostname="Harshadas-MBP" failures="0" tests="4" name="tests.APITestCases" time="5.684" errors="0" timestamp="2022-07-21T17:55:17 CEST" skipped="0">
  <testcase classname="tests.APITestCases" name="APITest1" time="4.746"/>
  <system-out/>
  <testcase classname="tests.APITestCases" name="APITest2" time="0.256"/>
  <system-out/>
  <testcase classname="tests.APITestCases" name="APITest2" time="0.254"/>
  <system-out/>
  <testcase classname="tests.APITestCases" name="APITest2" time="0.428"/>
  <system-out/>
</testsuite> <!-- tests.APITestCases -->
