<?xml version="1.0" encoding="UTF-8"?>
<!-- Generated by org.testng.reporters.JUnitReportReporter -->
<testsuite hostname="Harshadas-MBP" failures="0" tests="4" name="tests.GetAPI" time="4.465" errors="0" timestamp="2022-07-21T11:18:12 CEST" skipped="0">
  <testcase classname="tests.GetAPI" name="APITest1" time="3.536"/>
  <system-out/>
  <testcase classname="tests.GetAPI" name="APITest2" time="0.270"/>
  <system-out/>
  <testcase classname="tests.GetAPI" name="APITest2" time="0.256"/>
  <system-out/>
  <testcase classname="tests.GetAPI" name="APITest2" time="0.403"/>
  <system-out/>
</testsuite> <!-- tests.GetAPI -->
