<?xml version="1.0" encoding="UTF-8"?>
<!-- Generated by org.testng.reporters.JUnitReportReporter -->
<testsuite hostname="Harshadas-MBP" failures="0" tests="3" name="tests.UITestCases" time="129.936" errors="0" timestamp="2022-07-21T18:46:32 CEST" skipped="0">
  <testcase classname="tests.UITestCases" name="verifyServicesAutomationLink" time="23.104"/>
  <system-out/>
  <testcase classname="tests.UITestCases" name="verifyContactUs" time="25.777"/>
  <system-out/>
  <testcase classname="tests.UITestCases" name="verifyWorldwideDropdownCounties" time="81.055"/>
  <system-out/>
</testsuite> <!-- tests.UITestCases -->
