<?xml version="1.0" encoding="UTF-8"?>
<!-- Generated by org.testng.reporters.JUnitReportReporter -->
<testsuite hostname="Harshadas-MBP" failures="0" tests="4" name="tests.APITestCases" time="5.643" errors="0" timestamp="2022-07-21T18:03:45 CEST" skipped="0">
  <testcase classname="tests.APITestCases" name="APITest1" time="4.696"/>
  <system-out/>
  <testcase classname="tests.APITestCases" name="APITest2" time="0.235"/>
  <system-out/>
  <testcase classname="tests.APITestCases" name="APITest2" time="0.452"/>
  <system-out/>
  <testcase classname="tests.APITestCases" name="APITest2" time="0.260"/>
  <system-out/>
</testsuite> <!-- tests.APITestCases -->
