<?xml version="1.0" encoding="UTF-8"?>
<!-- Generated by org.testng.reporters.JUnitReportReporter -->
<testsuite hostname="Harshadas-MBP" failures="0" tests="4" name="tests.GetAPI" time="4.593" errors="0" timestamp="2022-07-21T10:56:49 CEST" skipped="0">
  <testcase classname="tests.GetAPI" name="APITest2" time="0.223"/>
  <system-out/>
  <testcase classname="tests.GetAPI" name="APITest1" time="3.646"/>
  <system-out/>
  <testcase classname="tests.GetAPI" name="APITest2" time="0.228"/>
  <system-out/>
  <testcase classname="tests.GetAPI" name="APITest2" time="0.496"/>
  <system-out/>
</testsuite> <!-- tests.GetAPI -->
