<?xml version="1.0" encoding="UTF-8"?>
<!-- Generated by org.testng.reporters.JUnitReportReporter -->
<testsuite hostname="Harshadas-MBP" failures="0" tests="4" name="tests.APITestCases" time="4.676" errors="0" timestamp="2022-07-21T18:46:32 CEST" skipped="0">
  <testcase classname="tests.APITestCases" name="APITest1" time="3.718"/>
  <system-out/>
  <testcase classname="tests.APITestCases" name="APITest2" time="0.418"/>
  <system-out/>
  <testcase classname="tests.APITestCases" name="APITest2" time="0.268"/>
  <system-out/>
  <testcase classname="tests.APITestCases" name="APITest2" time="0.272"/>
  <system-out/>
</testsuite> <!-- tests.APITestCases -->
